<?xml version="1.0" encoding="UTF-8"?>
<coverage generated="1603214169086" clover="3.2.0">
  <project timestamp="1603214169086" name="All files">
    <metrics statements="106" coveredstatements="104" conditionals="12" coveredconditionals="12" methods="51" coveredmethods="49" elements="169" coveredelements="165" complexity="0" loc="106" ncloc="106" packages="4" files="12" classes="12"/>
    <package name="src">
      <metrics statements="22" coveredstatements="21" conditionals="0" coveredconditionals="0" methods="13" coveredmethods="12"/>
      <file name="App.js" path="/home/labelle/Documentos/trybe/Front-End/Bloco_15/sd-06-project-react-testing-library/src/App.js">
        <metrics statements="21" coveredstatements="20" conditionals="0" coveredconditionals="0" methods="13" coveredmethods="12"/>
        <line num="23" count="11" type="stmt"/>
        <line num="24" count="11" type="stmt"/>
        <line num="25" count="99" type="stmt"/>
        <line num="26" count="99" type="stmt"/>
        <line num="29" count="11" type="stmt"/>
        <line num="33" count="8" type="stmt"/>
        <line num="34" count="8" type="stmt"/>
        <line num="38" count="3" type="stmt"/>
        <line num="40" count="3" type="stmt"/>
        <line num="44" count="6" type="stmt"/>
        <line num="46" count="6" type="stmt"/>
        <line num="55" count="5" type="stmt"/>
        <line num="57" count="5" type="stmt"/>
        <line num="63" count="3" type="stmt"/>
        <line num="70" count="11" type="stmt"/>
        <line num="71" count="99" type="stmt"/>
        <line num="73" count="11" type="stmt"/>
        <line num="78" count="6" type="stmt"/>
        <line num="82" count="5" type="stmt"/>
        <line num="86" count="0" type="stmt"/>
        <line num="95" count="11" type="stmt"/>
      </file>
      <file name="data.js" path="/home/labelle/Documentos/trybe/Front-End/Bloco_15/sd-06-project-react-testing-library/src/data.js">
        <metrics statements="1" coveredstatements="1" conditionals="0" coveredconditionals="0" methods="0" coveredmethods="0"/>
        <line num="1" count="6" type="stmt"/>
      </file>
    </package>
    <package name="src.components">
      <metrics statements="68" coveredstatements="67" conditionals="8" coveredconditionals="8" methods="32" coveredmethods="31"/>
      <file name="About.js" path="/home/labelle/Documentos/trybe/Front-End/Bloco_15/sd-06-project-react-testing-library/src/components/About.js">
        <metrics statements="2" coveredstatements="2" conditionals="0" coveredconditionals="0" methods="1" coveredmethods="1"/>
        <line num="4" count="6" type="stmt"/>
        <line num="5" count="1" type="stmt"/>
      </file>
      <file name="Button.js" path="/home/labelle/Documentos/trybe/Front-End/Bloco_15/sd-06-project-react-testing-library/src/components/Button.js">
        <metrics statements="4" coveredstatements="4" conditionals="0" coveredconditionals="0" methods="1" coveredmethods="1"/>
        <line num="6" count="5" type="stmt"/>
        <line num="13" count="81" type="stmt"/>
        <line num="24" count="5" type="stmt"/>
        <line num="32" count="5" type="stmt"/>
      </file>
      <file name="FavoritePokemons.js" path="/home/labelle/Documentos/trybe/Front-End/Bloco_15/sd-06-project-react-testing-library/src/components/FavoritePokemons.js">
        <metrics statements="13" coveredstatements="13" conditionals="2" coveredconditionals="2" methods="5" coveredmethods="5"/>
        <line num="9" count="6" type="stmt"/>
        <line num="13" count="1" type="stmt"/>
        <line num="21" count="1" type="stmt"/>
        <line num="29" count="1" type="stmt"/>
        <line num="30" count="1" type="stmt"/>
        <line num="32" count="1" type="stmt"/>
        <line num="34" count="1" type="stmt"/>
        <line num="40" count="2" type="stmt"/>
        <line num="41" count="2" type="stmt"/>
        <line num="42" count="2" type="stmt"/>
        <line num="44" count="2" type="stmt"/>
        <line num="53" count="6" type="stmt"/>
        <line num="57" count="6" type="stmt"/>
      </file>
      <file name="NotFound.js" path="/home/labelle/Documentos/trybe/Front-End/Bloco_15/sd-06-project-react-testing-library/src/components/NotFound.js">
        <metrics statements="2" coveredstatements="2" conditionals="0" coveredconditionals="0" methods="1" coveredmethods="1"/>
        <line num="4" count="5" type="stmt"/>
        <line num="5" count="1" type="stmt"/>
      </file>
      <file name="Pokedex.js" path="/home/labelle/Documentos/trybe/Front-End/Bloco_15/sd-06-project-react-testing-library/src/components/Pokedex.js">
        <metrics statements="24" coveredstatements="23" conditionals="2" coveredconditionals="2" methods="14" coveredmethods="13"/>
        <line num="11" count="6" type="stmt"/>
        <line num="12" count="6" type="stmt"/>
        <line num="16" count="1" type="stmt"/>
        <line num="20" count="2" type="stmt"/>
        <line num="21" count="2" type="stmt"/>
        <line num="26" count="9" type="stmt"/>
        <line num="27" count="9" type="stmt"/>
        <line num="29" count="9" type="stmt"/>
        <line num="30" count="81" type="cond" truecount="2" falsecount="0"/>
        <line num="31" count="9" type="stmt"/>
        <line num="36" count="9" type="stmt"/>
        <line num="38" count="81" type="stmt"/>
        <line num="42" count="9" type="stmt"/>
        <line num="44" count="9" type="stmt"/>
        <line num="47" count="0" type="stmt"/>
        <line num="53" count="63" type="stmt"/>
        <line num="56" count="1" type="stmt"/>
        <line num="67" count="9" type="stmt"/>
        <line num="68" count="9" type="stmt"/>
        <line num="69" count="9" type="stmt"/>
        <line num="70" count="9" type="stmt"/>
        <line num="72" count="9" type="stmt"/>
        <line num="83" count="2" type="stmt"/>
        <line num="93" count="5" type="stmt"/>
      </file>
      <file name="Pokemon.js" path="/home/labelle/Documentos/trybe/Front-End/Bloco_15/sd-06-project-react-testing-library/src/components/Pokemon.js">
        <metrics statements="6" coveredstatements="6" conditionals="4" coveredconditionals="4" methods="1" coveredmethods="1"/>
        <line num="9" count="6" type="stmt"/>
        <line num="10" count="15" type="stmt"/>
        <line num="11" count="15" type="stmt"/>
        <line num="13" count="15" type="stmt"/>
        <line num="35" count="6" type="stmt"/>
        <line num="41" count="6" type="stmt"/>
      </file>
      <file name="PokemonDetails.js" path="/home/labelle/Documentos/trybe/Front-End/Bloco_15/sd-06-project-react-testing-library/src/components/PokemonDetails.js">
        <metrics statements="17" coveredstatements="17" conditionals="0" coveredconditionals="0" methods="9" coveredmethods="9"/>
        <line num="11" count="5" type="stmt"/>
        <line num="16" count="10" type="stmt"/>
        <line num="27" count="5" type="stmt"/>
        <line num="42" count="2" type="stmt"/>
        <line num="44" count="2" type="stmt"/>
        <line num="48" count="5" type="stmt"/>
        <line num="50" count="5" type="stmt"/>
        <line num="54" count="5" type="stmt"/>
        <line num="56" count="5" type="stmt"/>
        <line num="65" count="3" type="stmt"/>
        <line num="74" count="5" type="stmt"/>
        <line num="75" count="5" type="stmt"/>
        <line num="79" count="5" type="stmt"/>
        <line num="81" count="5" type="stmt"/>
        <line num="82" count="5" type="stmt"/>
        <line num="84" count="5" type="stmt"/>
        <line num="100" count="5" type="stmt"/>
      </file>
      <file name="index.js" path="/home/labelle/Documentos/trybe/Front-End/Bloco_15/sd-06-project-react-testing-library/src/components/index.js">
        <metrics statements="0" coveredstatements="0" conditionals="0" coveredconditionals="0" methods="0" coveredmethods="0"/>
      </file>
    </package>
    <package name="src.services">
      <metrics statements="14" coveredstatements="14" conditionals="4" coveredconditionals="4" methods="6" coveredmethods="6"/>
      <file name="pokedexService.js" path="/home/labelle/Documentos/trybe/Front-End/Bloco_15/sd-06-project-react-testing-library/src/services/pokedexService.js">
        <metrics statements="14" coveredstatements="14" conditionals="4" coveredconditionals="4" methods="6" coveredmethods="6"/>
        <line num="1" count="5" type="stmt"/>
        <line num="2" count="14" type="cond" truecount="2" falsecount="0"/>
        <line num="5" count="5" type="stmt"/>
        <line num="6" count="3" type="stmt"/>
        <line num="9" count="5" type="stmt"/>
        <line num="10" count="2" type="stmt"/>
        <line num="11" count="2" type="stmt"/>
        <line num="13" count="2" type="stmt"/>
        <line num="16" count="5" type="stmt"/>
        <line num="17" count="1" type="stmt"/>
        <line num="18" count="1" type="stmt"/>
        <line num="20" count="1" type="stmt"/>
        <line num="23" count="5" type="stmt"/>
        <line num="24" count="3" type="cond" truecount="2" falsecount="0"/>
      </file>
    </package>
    <package name="src.types">
      <metrics statements="2" coveredstatements="2" conditionals="0" coveredconditionals="0" methods="0" coveredmethods="0"/>
      <file name="index.js" path="/home/labelle/Documentos/trybe/Front-End/Bloco_15/sd-06-project-react-testing-library/src/types/index.js">
        <metrics statements="2" coveredstatements="2" conditionals="0" coveredconditionals="0" methods="0" coveredmethods="0"/>
        <line num="10" count="6" type="stmt"/>
        <line num="12" count="6" type="stmt"/>
      </file>
    </package>
  </project>
</coverage>
