{"/home/labelle/Documentos/trybe/Front-End/Bloco_15/sd-06-project-react-testing-library/src/App.js": {"path":"/home/labelle/Documentos/trybe/Front-End/Bloco_15/sd-06-project-react-testing-library/src/App.js","statementMap":{"0":{"start":{"line":23,"column":31},"end":{"line":23,"column":55}},"1":{"start":{"line":24,"column":30},"end":{"line":27,"column":10}},"2":{"start":{"line":25,"column":6},"end":{"line":25,"column":64}},"3":{"start":{"line":26,"column":6},"end":{"line":26,"column":17}},"4":{"start":{"line":29,"column":4},"end":{"line":29,"column":29}},"5":{"start":{"line":33,"column":4},"end":{"line":33,"column":17}},"6":{"start":{"line":34,"column":4},"end":{"line":34,"column":75}},"7":{"start":{"line":38,"column":4},"end":{"line":38,"column":50}},"8":{"start":{"line":40,"column":4},"end":{"line":40,"column":79}},"9":{"start":{"line":44,"column":38},"end":{"line":44,"column":48}},"10":{"start":{"line":46,"column":4},"end":{"line":51,"column":6}},"11":{"start":{"line":55,"column":38},"end":{"line":55,"column":48}},"12":{"start":{"line":57,"column":4},"end":{"line":66,"column":6}},"13":{"start":{"line":63,"column":10},"end":{"line":63,"column":62}},"14":{"start":{"line":70,"column":38},"end":{"line":70,"column":48}},"15":{"start":{"line":71,"column":29},"end":{"line":71,"column":83}},"16":{"start":{"line":71,"column":57},"end":{"line":71,"column":82}},"17":{"start":{"line":73,"column":4},"end":{"line":91,"column":6}},"18":{"start":{"line":78,"column":34},"end":{"line":78,"column":59}},"19":{"start":{"line":82,"column":34},"end":{"line":82,"column":66}},"20":{"start":{"line":86,"column":25},"end":{"line":86,"column":75}},"21":{"start":{"line":95,"column":4},"end":{"line":105,"column":6}}},"fnMap":{"0":{"name":"(anonymous_0)","decl":{"start":{"line":22,"column":2},"end":{"line":22,"column":3}},"loc":{"start":{"line":22,"column":36},"end":{"line":30,"column":3}},"line":22},"1":{"name":"(anonymous_1)","decl":{"start":{"line":24,"column":46},"end":{"line":24,"column":47}},"loc":{"start":{"line":24,"column":64},"end":{"line":27,"column":5}},"line":24},"2":{"name":"(anonymous_2)","decl":{"start":{"line":32,"column":2},"end":{"line":32,"column":3}},"loc":{"start":{"line":32,"column":21},"end":{"line":35,"column":3}},"line":32},"3":{"name":"(anonymous_3)","decl":{"start":{"line":37,"column":2},"end":{"line":37,"column":3}},"loc":{"start":{"line":37,"column":50},"end":{"line":41,"column":3}},"line":37},"4":{"name":"(anonymous_4)","decl":{"start":{"line":43,"column":2},"end":{"line":43,"column":3}},"loc":{"start":{"line":43,"column":18},"end":{"line":52,"column":3}},"line":43},"5":{"name":"(anonymous_5)","decl":{"start":{"line":54,"column":2},"end":{"line":54,"column":3}},"loc":{"start":{"line":54,"column":30},"end":{"line":67,"column":3}},"line":54},"6":{"name":"(anonymous_6)","decl":{"start":{"line":62,"column":35},"end":{"line":62,"column":36}},"loc":{"start":{"line":63,"column":10},"end":{"line":63,"column":62}},"line":63},"7":{"name":"(anonymous_7)","decl":{"start":{"line":69,"column":2},"end":{"line":69,"column":3}},"loc":{"start":{"line":69,"column":17},"end":{"line":92,"column":3}},"line":69},"8":{"name":"(anonymous_8)","decl":{"start":{"line":71,"column":45},"end":{"line":71,"column":46}},"loc":{"start":{"line":71,"column":57},"end":{"line":71,"column":82}},"line":71},"9":{"name":"(anonymous_9)","decl":{"start":{"line":78,"column":19},"end":{"line":78,"column":20}},"loc":{"start":{"line":78,"column":34},"end":{"line":78,"column":59}},"line":78},"10":{"name":"(anonymous_10)","decl":{"start":{"line":82,"column":19},"end":{"line":82,"column":20}},"loc":{"start":{"line":82,"column":34},"end":{"line":82,"column":66}},"line":82},"11":{"name":"(anonymous_11)","decl":{"start":{"line":86,"column":19},"end":{"line":86,"column":20}},"loc":{"start":{"line":86,"column":25},"end":{"line":86,"column":75}},"line":86},"12":{"name":"(anonymous_12)","decl":{"start":{"line":94,"column":2},"end":{"line":94,"column":3}},"loc":{"start":{"line":94,"column":11},"end":{"line":106,"column":3}},"line":94}},"branchMap":{},"s":{"0":11,"1":11,"2":99,"3":99,"4":11,"5":8,"6":8,"7":3,"8":3,"9":6,"10":6,"11":5,"12":5,"13":3,"14":11,"15":11,"16":99,"17":11,"18":6,"19":5,"20":0,"21":11},"f":{"0":11,"1":99,"2":8,"3":3,"4":6,"5":5,"6":3,"7":11,"8":99,"9":6,"10":5,"11":0,"12":11},"b":{},"_coverageSchema":"43e27e138ebf9cfc5966b082cf9a028302ed4184","hash":"565b58f18236e58faa3b856c9cd0283c8a39ff69"}
,"/home/labelle/Documentos/trybe/Front-End/Bloco_15/sd-06-project-react-testing-library/src/data.js": {"path":"/home/labelle/Documentos/trybe/Front-End/Bloco_15/sd-06-project-react-testing-library/src/data.js","statementMap":{"0":{"start":{"line":1,"column":17},"end":{"line":200,"column":1}}},"fnMap":{},"branchMap":{},"s":{"0":6},"f":{},"b":{},"_coverageSchema":"43e27e138ebf9cfc5966b082cf9a028302ed4184","hash":"b2f3bec48ce89afa3239d8eec7a8d0bee0d57a53"}
,"/home/labelle/Documentos/trybe/Front-End/Bloco_15/sd-06-project-react-testing-library/src/components/About.js": {"path":"/home/labelle/Documentos/trybe/Front-End/Bloco_15/sd-06-project-react-testing-library/src/components/About.js","statementMap":{"0":{"start":{"line":4,"column":14},"end":{"line":20,"column":1}},"1":{"start":{"line":5,"column":2},"end":{"line":19,"column":12}}},"fnMap":{"0":{"name":"(anonymous_0)","decl":{"start":{"line":4,"column":14},"end":{"line":4,"column":15}},"loc":{"start":{"line":5,"column":2},"end":{"line":19,"column":12}},"line":5}},"branchMap":{},"s":{"0":6,"1":1},"f":{"0":1},"b":{},"_coverageSchema":"43e27e138ebf9cfc5966b082cf9a028302ed4184","hash":"dc7dce1221d814971a4214f20e2c6cdb83890cbb"}
,"/home/labelle/Documentos/trybe/Front-End/Bloco_15/sd-06-project-react-testing-library/src/components/Button.js": {"path":"/home/labelle/Documentos/trybe/Front-End/Bloco_15/sd-06-project-react-testing-library/src/components/Button.js","statementMap":{"0":{"start":{"line":6,"column":15},"end":{"line":22,"column":1}},"1":{"start":{"line":13,"column":2},"end":{"line":21,"column":11}},"2":{"start":{"line":24,"column":0},"end":{"line":30,"column":2}},"3":{"start":{"line":32,"column":0},"end":{"line":37,"column":2}}},"fnMap":{"0":{"name":"(anonymous_0)","decl":{"start":{"line":6,"column":15},"end":{"line":6,"column":16}},"loc":{"start":{"line":13,"column":2},"end":{"line":21,"column":11}},"line":13}},"branchMap":{},"s":{"0":5,"1":81,"2":5,"3":5},"f":{"0":81},"b":{},"_coverageSchema":"43e27e138ebf9cfc5966b082cf9a028302ed4184","hash":"19dcfd6e7a86a2b4c57a7f06a40032a07cbccde9"}
,"/home/labelle/Documentos/trybe/Front-End/Bloco_15/sd-06-project-react-testing-library/src/components/FavoritePokemons.js": {"path":"/home/labelle/Documentos/trybe/Front-End/Bloco_15/sd-06-project-react-testing-library/src/components/FavoritePokemons.js","statementMap":{"0":{"start":{"line":9,"column":13},"end":{"line":9,"column":14}},"1":{"start":{"line":13,"column":4},"end":{"line":17,"column":6}},"2":{"start":{"line":21,"column":4},"end":{"line":25,"column":6}},"3":{"start":{"line":29,"column":25},"end":{"line":29,"column":35}},"4":{"start":{"line":30,"column":38},"end":{"line":30,"column":54}},"5":{"start":{"line":32,"column":4},"end":{"line":36,"column":6}},"6":{"start":{"line":34,"column":35},"end":{"line":34,"column":65}},"7":{"start":{"line":40,"column":25},"end":{"line":40,"column":41}},"8":{"start":{"line":41,"column":25},"end":{"line":41,"column":35}},"9":{"start":{"line":42,"column":20},"end":{"line":42,"column":44}},"10":{"start":{"line":44,"column":4},"end":{"line":49,"column":6}},"11":{"start":{"line":53,"column":0},"end":{"line":55,"column":2}},"12":{"start":{"line":57,"column":0},"end":{"line":59,"column":2}}},"fnMap":{"0":{"name":"(anonymous_0)","decl":{"start":{"line":12,"column":2},"end":{"line":12,"column":3}},"loc":{"start":{"line":12,"column":20},"end":{"line":18,"column":3}},"line":12},"1":{"name":"(anonymous_1)","decl":{"start":{"line":20,"column":2},"end":{"line":20,"column":3}},"loc":{"start":{"line":20,"column":40},"end":{"line":26,"column":3}},"line":20},"2":{"name":"(anonymous_2)","decl":{"start":{"line":28,"column":2},"end":{"line":28,"column":3}},"loc":{"start":{"line":28,"column":27},"end":{"line":37,"column":3}},"line":28},"3":{"name":"(anonymous_3)","decl":{"start":{"line":34,"column":22},"end":{"line":34,"column":23}},"loc":{"start":{"line":34,"column":35},"end":{"line":34,"column":65}},"line":34},"4":{"name":"(anonymous_4)","decl":{"start":{"line":39,"column":2},"end":{"line":39,"column":3}},"loc":{"start":{"line":39,"column":11},"end":{"line":50,"column":3}},"line":39}},"branchMap":{"0":{"loc":{"start":{"line":47,"column":9},"end":{"line":47,"column":61}},"type":"cond-expr","locations":[{"start":{"line":47,"column":19},"end":{"line":47,"column":29}},{"start":{"line":47,"column":32},"end":{"line":47,"column":61}}],"line":47}},"s":{"0":6,"1":1,"2":1,"3":1,"4":1,"5":1,"6":1,"7":2,"8":2,"9":2,"10":2,"11":6,"12":6},"f":{"0":1,"1":1,"2":1,"3":1,"4":2},"b":{"0":[1,1]},"_coverageSchema":"43e27e138ebf9cfc5966b082cf9a028302ed4184","hash":"6029f2048ab8c7cf46c55e92e25db7ea2581fa95"}
,"/home/labelle/Documentos/trybe/Front-End/Bloco_15/sd-06-project-react-testing-library/src/components/NotFound.js": {"path":"/home/labelle/Documentos/trybe/Front-End/Bloco_15/sd-06-project-react-testing-library/src/components/NotFound.js","statementMap":{"0":{"start":{"line":4,"column":17},"end":{"line":16,"column":1}},"1":{"start":{"line":5,"column":2},"end":{"line":15,"column":8}}},"fnMap":{"0":{"name":"(anonymous_0)","decl":{"start":{"line":4,"column":17},"end":{"line":4,"column":18}},"loc":{"start":{"line":5,"column":2},"end":{"line":15,"column":8}},"line":5}},"branchMap":{},"s":{"0":5,"1":1},"f":{"0":1},"b":{},"_coverageSchema":"43e27e138ebf9cfc5966b082cf9a028302ed4184","hash":"0ad2a044469599c5272e0622813c88ef5eacbbfa"}
,"/home/labelle/Documentos/trybe/Front-End/Bloco_15/sd-06-project-react-testing-library/src/components/Pokedex.js": {"path":"/home/labelle/Documentos/trybe/Front-End/Bloco_15/sd-06-project-react-testing-library/src/components/Pokedex.js","statementMap":{"0":{"start":{"line":11,"column":4},"end":{"line":11,"column":17}},"1":{"start":{"line":12,"column":4},"end":{"line":12,"column":58}},"2":{"start":{"line":16,"column":4},"end":{"line":16,"column":53}},"3":{"start":{"line":20,"column":4},"end":{"line":22,"column":7}},"4":{"start":{"line":21,"column":6},"end":{"line":21,"column":67}},"5":{"start":{"line":26,"column":25},"end":{"line":26,"column":35}},"6":{"start":{"line":27,"column":29},"end":{"line":27,"column":39}},"7":{"start":{"line":29,"column":4},"end":{"line":32,"column":7}},"8":{"start":{"line":30,"column":6},"end":{"line":30,"column":46}},"9":{"start":{"line":30,"column":34},"end":{"line":30,"column":46}},"10":{"start":{"line":31,"column":6},"end":{"line":31,"column":43}},"11":{"start":{"line":36,"column":25},"end":{"line":36,"column":35}},"12":{"start":{"line":38,"column":4},"end":{"line":38,"column":84}},"13":{"start":{"line":38,"column":60},"end":{"line":38,"column":76}},"14":{"start":{"line":42,"column":25},"end":{"line":42,"column":49}},"15":{"start":{"line":44,"column":4},"end":{"line":63,"column":6}},"16":{"start":{"line":47,"column":26},"end":{"line":47,"column":52}},"17":{"start":{"line":53,"column":10},"end":{"line":60,"column":19}},"18":{"start":{"line":56,"column":28},"end":{"line":56,"column":53}},"19":{"start":{"line":67,"column":38},"end":{"line":67,"column":48}},"20":{"start":{"line":68,"column":29},"end":{"line":68,"column":57}},"21":{"start":{"line":69,"column":29},"end":{"line":69,"column":39}},"22":{"start":{"line":70,"column":20},"end":{"line":70,"column":50}},"23":{"start":{"line":72,"column":4},"end":{"line":89,"column":6}},"24":{"start":{"line":83,"column":26},"end":{"line":83,"column":67}},"25":{"start":{"line":93,"column":0},"end":{"line":96,"column":2}}},"fnMap":{"0":{"name":"(anonymous_0)","decl":{"start":{"line":10,"column":2},"end":{"line":10,"column":3}},"loc":{"start":{"line":10,"column":21},"end":{"line":13,"column":3}},"line":10},"1":{"name":"(anonymous_1)","decl":{"start":{"line":15,"column":2},"end":{"line":15,"column":3}},"loc":{"start":{"line":15,"column":31},"end":{"line":17,"column":3}},"line":15},"2":{"name":"(anonymous_2)","decl":{"start":{"line":19,"column":2},"end":{"line":19,"column":3}},"loc":{"start":{"line":19,"column":32},"end":{"line":23,"column":3}},"line":19},"3":{"name":"(anonymous_3)","decl":{"start":{"line":20,"column":18},"end":{"line":20,"column":19}},"loc":{"start":{"line":21,"column":6},"end":{"line":21,"column":67}},"line":21},"4":{"name":"(anonymous_4)","decl":{"start":{"line":25,"column":2},"end":{"line":25,"column":3}},"loc":{"start":{"line":25,"column":26},"end":{"line":33,"column":3}},"line":25},"5":{"name":"(anonymous_5)","decl":{"start":{"line":29,"column":27},"end":{"line":29,"column":28}},"loc":{"start":{"line":29,"column":40},"end":{"line":32,"column":5}},"line":29},"6":{"name":"(anonymous_6)","decl":{"start":{"line":35,"column":2},"end":{"line":35,"column":3}},"loc":{"start":{"line":35,"column":22},"end":{"line":39,"column":3}},"line":35},"7":{"name":"(anonymous_7)","decl":{"start":{"line":38,"column":39},"end":{"line":38,"column":40}},"loc":{"start":{"line":38,"column":60},"end":{"line":38,"column":76}},"line":38},"8":{"name":"(anonymous_8)","decl":{"start":{"line":41,"column":2},"end":{"line":41,"column":3}},"loc":{"start":{"line":41,"column":30},"end":{"line":64,"column":3}},"line":41},"9":{"name":"(anonymous_9)","decl":{"start":{"line":47,"column":20},"end":{"line":47,"column":21}},"loc":{"start":{"line":47,"column":26},"end":{"line":47,"column":52}},"line":47},"10":{"name":"(anonymous_10)","decl":{"start":{"line":52,"column":26},"end":{"line":52,"column":27}},"loc":{"start":{"line":53,"column":10},"end":{"line":60,"column":19}},"line":53},"11":{"name":"(anonymous_11)","decl":{"start":{"line":56,"column":22},"end":{"line":56,"column":23}},"loc":{"start":{"line":56,"column":28},"end":{"line":56,"column":53}},"line":56},"12":{"name":"(anonymous_12)","decl":{"start":{"line":66,"column":2},"end":{"line":66,"column":3}},"loc":{"start":{"line":66,"column":11},"end":{"line":90,"column":3}},"line":66},"13":{"name":"(anonymous_13)","decl":{"start":{"line":83,"column":20},"end":{"line":83,"column":21}},"loc":{"start":{"line":83,"column":26},"end":{"line":83,"column":67}},"line":83}},"branchMap":{"0":{"loc":{"start":{"line":30,"column":6},"end":{"line":30,"column":46}},"type":"if","locations":[{"start":{"line":30,"column":6},"end":{"line":30,"column":46}},{"start":{"line":30,"column":6},"end":{"line":30,"column":46}}],"line":30}},"s":{"0":6,"1":6,"2":1,"3":2,"4":2,"5":9,"6":9,"7":9,"8":81,"9":72,"10":9,"11":9,"12":9,"13":81,"14":9,"15":9,"16":0,"17":63,"18":1,"19":9,"20":9,"21":9,"22":9,"23":9,"24":2,"25":5},"f":{"0":6,"1":1,"2":2,"3":2,"4":9,"5":81,"6":9,"7":81,"8":9,"9":0,"10":63,"11":1,"12":9,"13":2},"b":{"0":[72,9]},"_coverageSchema":"43e27e138ebf9cfc5966b082cf9a028302ed4184","hash":"ac2d6eaf75ed33b18e861945b9d13cd8a9605acd"}
,"/home/labelle/Documentos/trybe/Front-End/Bloco_15/sd-06-project-react-testing-library/src/components/Pokemon.js": {"path":"/home/labelle/Documentos/trybe/Front-End/Bloco_15/sd-06-project-react-testing-library/src/components/Pokemon.js","statementMap":{"0":{"start":{"line":9,"column":16},"end":{"line":33,"column":1}},"1":{"start":{"line":10,"column":51},"end":{"line":10,"column":58}},"2":{"start":{"line":11,"column":37},"end":{"line":11,"column":50}},"3":{"start":{"line":13,"column":2},"end":{"line":32,"column":4}},"4":{"start":{"line":35,"column":0},"end":{"line":39,"column":2}},"5":{"start":{"line":41,"column":0},"end":{"line":43,"column":2}}},"fnMap":{"0":{"name":"(anonymous_0)","decl":{"start":{"line":9,"column":16},"end":{"line":9,"column":17}},"loc":{"start":{"line":9,"column":62},"end":{"line":33,"column":1}},"line":9}},"branchMap":{"0":{"loc":{"start":{"line":21,"column":9},"end":{"line":21,"column":77}},"type":"binary-expr","locations":[{"start":{"line":21,"column":9},"end":{"line":21,"column":24}},{"start":{"line":21,"column":28},"end":{"line":21,"column":77}}],"line":21},"1":{"loc":{"start":{"line":24,"column":7},"end":{"line":30,"column":7}},"type":"binary-expr","locations":[{"start":{"line":24,"column":7},"end":{"line":24,"column":17}},{"start":{"line":25,"column":8},"end":{"line":29,"column":10}}],"line":24}},"s":{"0":6,"1":15,"2":15,"3":15,"4":6,"5":6},"f":{"0":15},"b":{"0":[15,10],"1":[15,3]},"_coverageSchema":"43e27e138ebf9cfc5966b082cf9a028302ed4184","hash":"19e8552f71d1157750f12706a86126272db42f12"}
,"/home/labelle/Documentos/trybe/Front-End/Bloco_15/sd-06-project-react-testing-library/src/components/PokemonDetails.js": {"path":"/home/labelle/Documentos/trybe/Front-End/Bloco_15/sd-06-project-react-testing-library/src/components/PokemonDetails.js","statementMap":{"0":{"start":{"line":11,"column":4},"end":{"line":23,"column":6}},"1":{"start":{"line":16,"column":12},"end":{"line":19,"column":18}},"2":{"start":{"line":27,"column":4},"end":{"line":38,"column":6}},"3":{"start":{"line":42,"column":4},"end":{"line":42,"column":17}},"4":{"start":{"line":44,"column":4},"end":{"line":44,"column":67}},"5":{"start":{"line":48,"column":25},"end":{"line":48,"column":35}},"6":{"start":{"line":50,"column":4},"end":{"line":50,"column":53}},"7":{"start":{"line":50,"column":37},"end":{"line":50,"column":51}},"8":{"start":{"line":54,"column":41},"end":{"line":54,"column":51}},"9":{"start":{"line":56,"column":4},"end":{"line":70,"column":6}},"10":{"start":{"line":65,"column":43},"end":{"line":65,"column":87}},"11":{"start":{"line":74,"column":45},"end":{"line":74,"column":59}},"12":{"start":{"line":75,"column":36},"end":{"line":75,"column":40}},"13":{"start":{"line":79,"column":8},"end":{"line":79,"column":18}},"14":{"start":{"line":81,"column":20},"end":{"line":81,"column":54}},"15":{"start":{"line":82,"column":23},"end":{"line":82,"column":48}},"16":{"start":{"line":84,"column":4},"end":{"line":96,"column":6}},"17":{"start":{"line":100,"column":0},"end":{"line":109,"column":2}}},"fnMap":{"0":{"name":"(anonymous_0)","decl":{"start":{"line":10,"column":2},"end":{"line":10,"column":3}},"loc":{"start":{"line":10,"column":42},"end":{"line":24,"column":3}},"line":10},"1":{"name":"(anonymous_1)","decl":{"start":{"line":15,"column":23},"end":{"line":15,"column":24}},"loc":{"start":{"line":16,"column":12},"end":{"line":19,"column":18}},"line":16},"2":{"name":"(anonymous_2)","decl":{"start":{"line":26,"column":2},"end":{"line":26,"column":3}},"loc":{"start":{"line":26,"column":36},"end":{"line":39,"column":3}},"line":26},"3":{"name":"(anonymous_3)","decl":{"start":{"line":41,"column":2},"end":{"line":41,"column":3}},"loc":{"start":{"line":41,"column":21},"end":{"line":45,"column":3}},"line":41},"4":{"name":"(anonymous_4)","decl":{"start":{"line":47,"column":2},"end":{"line":47,"column":3}},"loc":{"start":{"line":47,"column":23},"end":{"line":51,"column":3}},"line":47},"5":{"name":"(anonymous_5)","decl":{"start":{"line":50,"column":25},"end":{"line":50,"column":26}},"loc":{"start":{"line":50,"column":37},"end":{"line":50,"column":51}},"line":50},"6":{"name":"(anonymous_6)","decl":{"start":{"line":53,"column":2},"end":{"line":53,"column":3}},"loc":{"start":{"line":53,"column":45},"end":{"line":71,"column":3}},"line":53},"7":{"name":"(anonymous_7)","decl":{"start":{"line":65,"column":14},"end":{"line":65,"column":15}},"loc":{"start":{"line":65,"column":43},"end":{"line":65,"column":87}},"line":65},"8":{"name":"(anonymous_8)","decl":{"start":{"line":73,"column":2},"end":{"line":73,"column":3}},"loc":{"start":{"line":73,"column":11},"end":{"line":97,"column":3}},"line":73}},"branchMap":{},"s":{"0":5,"1":10,"2":5,"3":2,"4":2,"5":5,"6":5,"7":5,"8":5,"9":5,"10":3,"11":5,"12":5,"13":5,"14":5,"15":5,"16":5,"17":5},"f":{"0":5,"1":10,"2":5,"3":2,"4":5,"5":5,"6":5,"7":3,"8":5},"b":{},"_coverageSchema":"43e27e138ebf9cfc5966b082cf9a028302ed4184","hash":"7cc22b47743d54393928550b1d3b196b3bb687c1"}
,"/home/labelle/Documentos/trybe/Front-End/Bloco_15/sd-06-project-react-testing-library/src/components/index.js": {"path":"/home/labelle/Documentos/trybe/Front-End/Bloco_15/sd-06-project-react-testing-library/src/components/index.js","statementMap":{},"fnMap":{},"branchMap":{},"s":{},"f":{},"b":{},"_coverageSchema":"43e27e138ebf9cfc5966b082cf9a028302ed4184","hash":"f4579723d9d706a4bdb7a41a566cde3d85a5f1eb"}
,"/home/labelle/Documentos/trybe/Front-End/Bloco_15/sd-06-project-react-testing-library/src/services/pokedexService.js": {"path":"/home/labelle/Documentos/trybe/Front-End/Bloco_15/sd-06-project-react-testing-library/src/services/pokedexService.js","statementMap":{"0":{"start":{"line":1,"column":38},"end":{"line":3,"column":1}},"1":{"start":{"line":2,"column":2},"end":{"line":2,"column":62}},"2":{"start":{"line":5,"column":29},"end":{"line":7,"column":1}},"3":{"start":{"line":6,"column":2},"end":{"line":6,"column":70}},"4":{"start":{"line":9,"column":30},"end":{"line":14,"column":1}},"5":{"start":{"line":10,"column":27},"end":{"line":10,"column":51}},"6":{"start":{"line":11,"column":30},"end":{"line":11,"column":62}},"7":{"start":{"line":13,"column":2},"end":{"line":13,"column":44}},"8":{"start":{"line":16,"column":35},"end":{"line":21,"column":1}},"9":{"start":{"line":17,"column":27},"end":{"line":17,"column":51}},"10":{"start":{"line":18,"column":30},"end":{"line":18,"column":79}},"11":{"start":{"line":18,"column":62},"end":{"line":18,"column":78}},"12":{"start":{"line":20,"column":2},"end":{"line":20,"column":44}},"13":{"start":{"line":23,"column":38},"end":{"line":25,"column":1}},"14":{"start":{"line":24,"column":2},"end":{"line":24,"column":87}}},"fnMap":{"0":{"name":"(anonymous_0)","decl":{"start":{"line":1,"column":38},"end":{"line":1,"column":39}},"loc":{"start":{"line":2,"column":2},"end":{"line":2,"column":62}},"line":2},"1":{"name":"(anonymous_1)","decl":{"start":{"line":5,"column":29},"end":{"line":5,"column":30}},"loc":{"start":{"line":6,"column":2},"end":{"line":6,"column":70}},"line":6},"2":{"name":"(anonymous_2)","decl":{"start":{"line":9,"column":30},"end":{"line":9,"column":31}},"loc":{"start":{"line":9,"column":45},"end":{"line":14,"column":1}},"line":9},"3":{"name":"(anonymous_3)","decl":{"start":{"line":16,"column":35},"end":{"line":16,"column":36}},"loc":{"start":{"line":16,"column":50},"end":{"line":21,"column":1}},"line":16},"4":{"name":"(anonymous_4)","decl":{"start":{"line":18,"column":54},"end":{"line":18,"column":55}},"loc":{"start":{"line":18,"column":62},"end":{"line":18,"column":78}},"line":18},"5":{"name":"(anonymous_5)","decl":{"start":{"line":23,"column":38},"end":{"line":23,"column":39}},"loc":{"start":{"line":24,"column":2},"end":{"line":24,"column":87}},"line":24}},"branchMap":{"0":{"loc":{"start":{"line":2,"column":2},"end":{"line":2,"column":62}},"type":"binary-expr","locations":[{"start":{"line":2,"column":2},"end":{"line":2,"column":56}},{"start":{"line":2,"column":60},"end":{"line":2,"column":62}}],"line":2},"1":{"loc":{"start":{"line":24,"column":2},"end":{"line":24,"column":87}},"type":"cond-expr","locations":[{"start":{"line":24,"column":15},"end":{"line":24,"column":47}},{"start":{"line":24,"column":50},"end":{"line":24,"column":87}}],"line":24}},"s":{"0":5,"1":14,"2":5,"3":3,"4":5,"5":2,"6":2,"7":2,"8":5,"9":1,"10":1,"11":1,"12":1,"13":5,"14":3},"f":{"0":14,"1":3,"2":2,"3":1,"4":1,"5":3},"b":{"0":[14,10],"1":[2,1]},"_coverageSchema":"43e27e138ebf9cfc5966b082cf9a028302ed4184","hash":"a45a26cb21186947674d38dc2fbe5d2e80689291"}
,"/home/labelle/Documentos/trybe/Front-End/Bloco_15/sd-06-project-react-testing-library/src/types/index.js": {"path":"/home/labelle/Documentos/trybe/Front-End/Bloco_15/sd-06-project-react-testing-library/src/types/index.js","statementMap":{"0":{"start":{"line":10,"column":41},"end":{"line":10,"column":55}},"1":{"start":{"line":12,"column":27},"end":{"line":27,"column":2}}},"fnMap":{},"branchMap":{},"s":{"0":6,"1":6},"f":{},"b":{},"_coverageSchema":"43e27e138ebf9cfc5966b082cf9a028302ed4184","hash":"638f39c92f2f4017e0dfebd0e174ad341b3da574"}
}
