TN:
SF:/home/labelle/Documentos/trybe/Front-End/Bloco_15/sd-06-project-react-testing-library/src/App.js
FN:22,(anonymous_0)
FN:24,(anonymous_1)
FN:32,(anonymous_2)
FN:37,(anonymous_3)
FN:43,(anonymous_4)
FN:54,(anonymous_5)
FN:62,(anonymous_6)
FN:69,(anonymous_7)
FN:71,(anonymous_8)
FN:78,(anonymous_9)
FN:82,(anonymous_10)
FN:86,(anonymous_11)
FN:94,(anonymous_12)
FNF:13
FNH:12
FNDA:11,(anonymous_0)
FNDA:99,(anonymous_1)
FNDA:8,(anonymous_2)
FNDA:3,(anonymous_3)
FNDA:6,(anonymous_4)
FNDA:5,(anonymous_5)
FNDA:3,(anonymous_6)
FNDA:11,(anonymous_7)
FNDA:99,(anonymous_8)
FNDA:6,(anonymous_9)
FNDA:5,(anonymous_10)
FNDA:0,(anonymous_11)
FNDA:11,(anonymous_12)
DA:23,11
DA:24,11
DA:25,99
DA:26,99
DA:29,11
DA:33,8
DA:34,8
DA:38,3
DA:40,3
DA:44,6
DA:46,6
DA:55,5
DA:57,5
DA:63,3
DA:70,11
DA:71,99
DA:73,11
DA:78,6
DA:82,5
DA:86,0
DA:95,11
LF:21
LH:20
BRF:0
BRH:0
end_of_record
TN:
SF:/home/labelle/Documentos/trybe/Front-End/Bloco_15/sd-06-project-react-testing-library/src/data.js
FNF:0
FNH:0
DA:1,6
LF:1
LH:1
BRF:0
BRH:0
end_of_record
TN:
SF:/home/labelle/Documentos/trybe/Front-End/Bloco_15/sd-06-project-react-testing-library/src/components/About.js
FN:4,(anonymous_0)
FNF:1
FNH:1
FNDA:1,(anonymous_0)
DA:4,6
DA:5,1
LF:2
LH:2
BRF:0
BRH:0
end_of_record
TN:
SF:/home/labelle/Documentos/trybe/Front-End/Bloco_15/sd-06-project-react-testing-library/src/components/Button.js
FN:6,(anonymous_0)
FNF:1
FNH:1
FNDA:81,(anonymous_0)
DA:6,5
DA:13,81
DA:24,5
DA:32,5
LF:4
LH:4
BRF:0
BRH:0
end_of_record
TN:
SF:/home/labelle/Documentos/trybe/Front-End/Bloco_15/sd-06-project-react-testing-library/src/components/FavoritePokemons.js
FN:12,(anonymous_0)
FN:20,(anonymous_1)
FN:28,(anonymous_2)
FN:34,(anonymous_3)
FN:39,(anonymous_4)
FNF:5
FNH:5
FNDA:1,(anonymous_0)
FNDA:1,(anonymous_1)
FNDA:1,(anonymous_2)
FNDA:1,(anonymous_3)
FNDA:2,(anonymous_4)
DA:9,6
DA:13,1
DA:21,1
DA:29,1
DA:30,1
DA:32,1
DA:34,1
DA:40,2
DA:41,2
DA:42,2
DA:44,2
DA:53,6
DA:57,6
LF:13
LH:13
BRDA:47,0,0,1
BRDA:47,0,1,1
BRF:2
BRH:2
end_of_record
TN:
SF:/home/labelle/Documentos/trybe/Front-End/Bloco_15/sd-06-project-react-testing-library/src/components/NotFound.js
FN:4,(anonymous_0)
FNF:1
FNH:1
FNDA:1,(anonymous_0)
DA:4,5
DA:5,1
LF:2
LH:2
BRF:0
BRH:0
end_of_record
TN:
SF:/home/labelle/Documentos/trybe/Front-End/Bloco_15/sd-06-project-react-testing-library/src/components/Pokedex.js
FN:10,(anonymous_0)
FN:15,(anonymous_1)
FN:19,(anonymous_2)
FN:20,(anonymous_3)
FN:25,(anonymous_4)
FN:29,(anonymous_5)
FN:35,(anonymous_6)
FN:38,(anonymous_7)
FN:41,(anonymous_8)
FN:47,(anonymous_9)
FN:52,(anonymous_10)
FN:56,(anonymous_11)
FN:66,(anonymous_12)
FN:83,(anonymous_13)
FNF:14
FNH:13
FNDA:6,(anonymous_0)
FNDA:1,(anonymous_1)
FNDA:2,(anonymous_2)
FNDA:2,(anonymous_3)
FNDA:9,(anonymous_4)
FNDA:81,(anonymous_5)
FNDA:9,(anonymous_6)
FNDA:81,(anonymous_7)
FNDA:9,(anonymous_8)
FNDA:0,(anonymous_9)
FNDA:63,(anonymous_10)
FNDA:1,(anonymous_11)
FNDA:9,(anonymous_12)
FNDA:2,(anonymous_13)
DA:11,6
DA:12,6
DA:16,1
DA:20,2
DA:21,2
DA:26,9
DA:27,9
DA:29,9
DA:30,81
DA:31,9
DA:36,9
DA:38,81
DA:42,9
DA:44,9
DA:47,0
DA:53,63
DA:56,1
DA:67,9
DA:68,9
DA:69,9
DA:70,9
DA:72,9
DA:83,2
DA:93,5
LF:24
LH:23
BRDA:30,0,0,72
BRDA:30,0,1,9
BRF:2
BRH:2
end_of_record
TN:
SF:/home/labelle/Documentos/trybe/Front-End/Bloco_15/sd-06-project-react-testing-library/src/components/Pokemon.js
FN:9,(anonymous_0)
FNF:1
FNH:1
FNDA:15,(anonymous_0)
DA:9,6
DA:10,15
DA:11,15
DA:13,15
DA:35,6
DA:41,6
LF:6
LH:6
BRDA:21,0,0,15
BRDA:21,0,1,10
BRDA:24,1,0,15
BRDA:24,1,1,3
BRF:4
BRH:4
end_of_record
TN:
SF:/home/labelle/Documentos/trybe/Front-End/Bloco_15/sd-06-project-react-testing-library/src/components/PokemonDetails.js
FN:10,(anonymous_0)
FN:15,(anonymous_1)
FN:26,(anonymous_2)
FN:41,(anonymous_3)
FN:47,(anonymous_4)
FN:50,(anonymous_5)
FN:53,(anonymous_6)
FN:65,(anonymous_7)
FN:73,(anonymous_8)
FNF:9
FNH:9
FNDA:5,(anonymous_0)
FNDA:10,(anonymous_1)
FNDA:5,(anonymous_2)
FNDA:2,(anonymous_3)
FNDA:5,(anonymous_4)
FNDA:5,(anonymous_5)
FNDA:5,(anonymous_6)
FNDA:3,(anonymous_7)
FNDA:5,(anonymous_8)
DA:11,5
DA:16,10
DA:27,5
DA:42,2
DA:44,2
DA:48,5
DA:50,5
DA:54,5
DA:56,5
DA:65,3
DA:74,5
DA:75,5
DA:79,5
DA:81,5
DA:82,5
DA:84,5
DA:100,5
LF:17
LH:17
BRF:0
BRH:0
end_of_record
TN:
SF:/home/labelle/Documentos/trybe/Front-End/Bloco_15/sd-06-project-react-testing-library/src/components/index.js
FNF:0
FNH:0
LF:0
LH:0
BRF:0
BRH:0
end_of_record
TN:
SF:/home/labelle/Documentos/trybe/Front-End/Bloco_15/sd-06-project-react-testing-library/src/services/pokedexService.js
FN:1,(anonymous_0)
FN:5,(anonymous_1)
FN:9,(anonymous_2)
FN:16,(anonymous_3)
FN:18,(anonymous_4)
FN:23,(anonymous_5)
FNF:6
FNH:6
FNDA:14,(anonymous_0)
FNDA:3,(anonymous_1)
FNDA:2,(anonymous_2)
FNDA:1,(anonymous_3)
FNDA:1,(anonymous_4)
FNDA:3,(anonymous_5)
DA:1,5
DA:2,14
DA:5,5
DA:6,3
DA:9,5
DA:10,2
DA:11,2
DA:13,2
DA:16,5
DA:17,1
DA:18,1
DA:20,1
DA:23,5
DA:24,3
LF:14
LH:14
BRDA:2,0,0,14
BRDA:2,0,1,10
BRDA:24,1,0,2
BRDA:24,1,1,1
BRF:4
BRH:4
end_of_record
TN:
SF:/home/labelle/Documentos/trybe/Front-End/Bloco_15/sd-06-project-react-testing-library/src/types/index.js
FNF:0
FNH:0
DA:10,6
DA:12,6
LF:2
LH:2
BRF:0
BRH:0
end_of_record
